{
  "RSpec": {
    "coverage": {
      "/Users/aubrey/code/ca-alert/backend/app/models/user.rb": [
        1,
        null,
        1,
        null,
        null,
        null,
        null,
        null,
        null,
        null,
        null,
        null,
        1,
        null
      ],
      "/Users/aubrey/code/ca-alert/backend/app/controllers/application_controller.rb": [
        1,
        1,
        null
      ],
      "/Users/aubrey/code/ca-alert/backend/app/channels/application_cable/channel.rb": [
        0,
        0,
        0,
        0
      ],
      "/Users/aubrey/code/ca-alert/backend/app/channels/application_cable/connection.rb": [
        0,
        0,
        0,
        0
      ],
      "/Users/aubrey/code/ca-alert/backend/app/controllers/ping_controller.rb": [
        0,
        0,
        0,
        0,
        0
      ],
      "/Users/aubrey/code/ca-alert/backend/app/jobs/application_job.rb": [
        0,
        0
      ],
      "/Users/aubrey/code/ca-alert/backend/app/mailers/application_mailer.rb": [
        0,
        0,
        0,
        0
      ],
      "/Users/aubrey/code/ca-alert/backend/app/models/application_record.rb": [
        0,
        0,
        0
      ]
    },
    "timestamp": 1487198684
  }
}
